datacontroller/build/intermediates/manifest_merge_blame_file/debug/manifest-merger-blame-debug-report.txt
1<?xml version="1.0" encoding="utf-8"?>
2<manifest xmlns:android="http://schemas.android.com/apk/res/android"
3    package="lib.netmania.data"
4    android:versionCode="1"
5    android:versionName="1.1" >
6
7    <uses-sdk
8        android:minSdkVersion="15"
8-->src/main/AndroidManifest.xml
9        android:targetSdkVersion="25" />
9-->src/main/AndroidManifest.xml
10
11    <application
11-->src/main/AndroidManifest.xml:4:5-11:19
12        android:allowBackup="true"
12-->src/main/AndroidManifest.xml:5:9-35
13        android:icon="@mipmap/ic_launcher"
13-->src/main/AndroidManifest.xml:6:9-43
14        android:label="@string/app_name"
14-->src/main/AndroidManifest.xml:7:9-41
15        android:supportsRtl="true"
15-->src/main/AndroidManifest.xml:8:9-35
16        android:theme="@style/AppTheme" >
16-->src/main/AndroidManifest.xml:9:9-40
17    </application>
18
19</manifest>